"D:/UE4 Projects/GMTKGameJam2020/Content/Blueprints/PlayerCon_BP.uasset" 0
"D:/UE4 Projects/GMTKGameJam2020/Content/Platformer/Textures/Pl_plastic_n.uasset" 1
"D:/UE4 Projects/GMTKGameJam2020/Content/Platformer/Textures/Pl_plastic_r.uasset" 2
"D:/UE4 Projects/GMTKGameJam2020/Content/Platformer/Materials/M_Plastic_black_Parent.uasset" 3
"D:/UE4 Projects/GMTKGameJam2020/Content/Platformer/Materials/M_Plastic_blue_Inst.uasset" 4
"../../../Engine/Content/EngineMeshes/SkeletalCube_Skeleton.uasset" 5
"../../../Engine/Content/EngineMeshes/SkeletalCube.uasset" 6
"D:/UE4 Projects/GMTKGameJam2020/Content/Retro_8Bit_Sounds/Footstep_Movement/Wavs/WallJumps.uasset" 7
"D:/UE4 Projects/GMTKGameJam2020/Content/Retro_8Bit_Sounds/Robot/Wavs/retro_robot_driod_beeps_10.uasset" 8
"D:/UE4 Projects/GMTKGameJam2020/Content/Retro_8Bit_Sounds/Robot/Cues/retro_robot_driod_beeps_10_Cue.uasset" 9
"../../../Engine/Content/EngineFonts/Faces/DroidSansFallback.uasset" 10
"../../../Engine/Content/EngineFonts/Faces/DroidSansMono.uasset" 11
"../../../Engine/Content/EngineFonts/DroidSansMono.uasset" 12
"D:/UE4 Projects/GMTKGameJam2020/Content/UI/GameOver_UI.uasset" 13
"../../../Engine/Content/EditorBlueprintResources/StandardMacros.uasset" 14
"D:/UE4 Projects/GMTKGameJam2020/Content/UI/Player_UI.uasset" 15
"D:/UE4 Projects/GMTKGameJam2020/Content/Blueprints/WorkingPlayer_BP.uasset" 16
"D:/UE4 Projects/GMTKGameJam2020/Content/MyGMTKGameJam2020GameModeBase_bp.uasset" 17
"D:/UE4 Projects/GMTKGameJam2020/Content/Mannequin/Character/Mesh/UE4_Mannequin_Skeleton.uasset" 18
"D:/UE4 Projects/GMTKGameJam2020/Content/Mannequin/Animations/ThirdPersonJump_End.uasset" 19
"D:/UE4 Projects/GMTKGameJam2020/Content/Platformer/Materials/M_Metal_Black_Parent.uasset" 20
"D:/UE4 Projects/GMTKGameJam2020/Content/Platformer/Materials/M_Metal_Gold_Instance.uasset" 21
"D:/UE4 Projects/GMTKGameJam2020/Content/Platformer/Meshes/Pl_Coin_01.uasset" 22
"D:/UE4 Projects/GMTKGameJam2020/Content/Platformer/Blueprints/Pl_Coin_01.uasset" 23
"D:/UE4 Projects/GMTKGameJam2020/Content/Platformer/Materials/M_Metal_Red_Instance.uasset" 24
"D:/UE4 Projects/GMTKGameJam2020/Content/Platformer/Meshes/Pl_Coin_02.uasset" 25
"D:/UE4 Projects/GMTKGameJam2020/Content/Platformer/Blueprints/Pl_Coin_02.uasset" 26
"D:/UE4 Projects/GMTKGameJam2020/Content/Platformer/Meshes/Pl_PowerUp_01.uasset" 27
"D:/UE4 Projects/GMTKGameJam2020/Content/Platformer/Blueprints/Pl_PowerUp_01.uasset" 28
"D:/UE4 Projects/GMTKGameJam2020/Content/Platformer/Materials/M_Plastic_Red_Inst.uasset" 29
"D:/UE4 Projects/GMTKGameJam2020/Content/Platformer/Materials/M_Plastic_White_Inst.uasset" 30
"D:/UE4 Projects/GMTKGameJam2020/Content/Platformer/Materials/M_Plastic_Yellow_Inst.uasset" 31
"D:/UE4 Projects/GMTKGameJam2020/Content/Platformer/Meshes/Pl_PowerUp_02.uasset" 32
"D:/UE4 Projects/GMTKGameJam2020/Content/Platformer/Blueprints/Pl_PowerUp_02.uasset" 33
"D:/UE4 Projects/GMTKGameJam2020/Content/Platformer/Meshes/Pl_PowerUp_03.uasset" 34
"D:/UE4 Projects/GMTKGameJam2020/Content/Platformer/Blueprints/Pl_PowerUp_03.uasset" 35
"D:/UE4 Projects/GMTKGameJam2020/Content/Platformer/Meshes/Pl_PowerUp_04.uasset" 36
"D:/UE4 Projects/GMTKGameJam2020/Content/Platformer/Blueprints/Pl_PowerUp_04.uasset" 37
"D:/UE4 Projects/GMTKGameJam2020/Content/Platformer/Meshes/Pl_PowerUp_05.uasset" 38
"D:/UE4 Projects/GMTKGameJam2020/Content/Platformer/Blueprints/Pl_PowerUp_05.uasset" 39
"D:/UE4 Projects/GMTKGameJam2020/Content/Platformer/Meshes/Pl_PowerUp_06.uasset" 40
"D:/UE4 Projects/GMTKGameJam2020/Content/Platformer/Blueprints/Pl_PowerUp_06.uasset" 41
"../../../Engine/Content/Functions/Engine_MaterialFunctions01/Gradient/LinearGradient.uasset" 42
"../../../Engine/Content/Functions/Engine_MaterialFunctions01/ImageAdjustment/CheapContrast.uasset" 43
"D:/UE4 Projects/GMTKGameJam2020/Content/Platformer/Textures/Pl_Crate_d.uasset" 44
"D:/UE4 Projects/GMTKGameJam2020/Content/Platformer/Textures/Pl_Crate_n.uasset" 45
"D:/UE4 Projects/GMTKGameJam2020/Content/Platformer/Textures/Pl_Crate_r.uasset" 46
"D:/UE4 Projects/GMTKGameJam2020/Content/Platformer/Materials/M_Crate_Light_Parent.uasset" 47
"D:/UE4 Projects/GMTKGameJam2020/Content/Platformer/Materials/M_Crate_Dark_Inst.uasset" 48
"D:/UE4 Projects/GMTKGameJam2020/Content/Platformer/Textures/Pl_Cliff_d.uasset" 49
"D:/UE4 Projects/GMTKGameJam2020/Content/Platformer/Textures/Pl_Cliff_n.uasset" 50
"D:/UE4 Projects/GMTKGameJam2020/Content/Platformer/Textures/Pl_Cliff_r.uasset" 51
"D:/UE4 Projects/GMTKGameJam2020/Content/Platformer/Materials/M_Cliff.uasset" 52
"D:/UE4 Projects/GMTKGameJam2020/Content/Platformer/Meshes/PlatForm_Bots/Pl_16m_Platform_bot.uasset" 53
"D:/UE4 Projects/GMTKGameJam2020/Content/Platformer/Meshes/PlatForm_Bots/Pl_4m_Platform_bot.uasset" 54
"D:/UE4 Projects/GMTKGameJam2020/Content/Platformer/Meshes/PlatForm_Bots/Pl_8m_Platform_bot.uasset" 55
"D:/UE4 Projects/GMTKGameJam2020/Content/Platformer/Meshes/PlatForm_Bots/Pl_8m_Platform_crn_bot.uasset" 56
"D:/UE4 Projects/GMTKGameJam2020/Content/Platformer/Meshes/PlatForm_Bots/Pl_8m_Platform_Hrnd_bot.uasset" 57
"D:/UE4 Projects/GMTKGameJam2020/Content/Platformer/Meshes/PlatForm_Bots/Pl_8m_Platform_L_bot.uasset" 58
"D:/UE4 Projects/GMTKGameJam2020/Content/Platformer/Meshes/PlatForm_Bots/Pl_8m_Platform_rnd_bot.uasset" 59
"D:/UE4 Projects/GMTKGameJam2020/Content/Platformer/Ocean/Materials/OceanWater_SS.uasset" 60
"D:/UE4 Projects/GMTKGameJam2020/Content/Platformer/Textures/Pl_plastic_d.uasset" 61
"D:/UE4 Projects/GMTKGameJam2020/Content/Retro_8Bit_Sounds/Footstep_Movement/Wavs/retro_footstep_movement_13.uasset" 62
"D:/UE4 Projects/GMTKGameJam2020/Content/Retro_8Bit_Sounds/Footstep_Movement/Cues/retro_footstep_movement_13_Cue.uasset" 63
"D:/UE4 Projects/GMTKGameJam2020/Content/Retro_8Bit_Sounds/Footstep_Movement/Wavs/retro_footstep_movement_14.uasset" 64
"D:/UE4 Projects/GMTKGameJam2020/Content/Retro_8Bit_Sounds/Footstep_Movement/Cues/retro_footstep_movement_14_Cue.uasset" 65
"D:/UE4 Projects/GMTKGameJam2020/Content/Retro_8Bit_Sounds/Footstep_Movement/Wavs/retro_footstep_movement_16.uasset" 66
"D:/UE4 Projects/GMTKGameJam2020/Content/Retro_8Bit_Sounds/Footstep_Movement/Cues/retro_footstep_movement_16_Cue.uasset" 67
"D:/UE4 Projects/GMTKGameJam2020/Content/Retro_8Bit_Sounds/Music/Wavs/retro__musical_stinger_01.uasset" 68
"D:/UE4 Projects/GMTKGameJam2020/Content/Retro_8Bit_Sounds/Music/Cues/retro__musical_stinger_01_Cue.uasset" 69
"D:/UE4 Projects/GMTKGameJam2020/Content/ThirdPersonBP/ThirdPersonOverview.uasset" 70
"D:/UE4 Projects/GMTKGameJam2020/Content/Mannequin/Animations/ThirdPerson_Jump.uasset" 71
"D:/UE4 Projects/GMTKGameJam2020/Content/Mannequin/Animations/ThirdPersonJump_Loop.uasset" 72
"D:/UE4 Projects/GMTKGameJam2020/Content/Mannequin/Animations/ThirdPersonJump_Start.uasset" 73
"D:/UE4 Projects/GMTKGameJam2020/Content/Mannequin/Animations/ThirdPersonIdle.uasset" 74
"D:/UE4 Projects/GMTKGameJam2020/Content/Mannequin/Animations/ThirdPersonRun.uasset" 75
"D:/UE4 Projects/GMTKGameJam2020/Content/Mannequin/Animations/ThirdPersonWalk.uasset" 76
"D:/UE4 Projects/GMTKGameJam2020/Content/Mannequin/Animations/ThirdPerson_IdleRun_2D.uasset" 77
"D:/UE4 Projects/GMTKGameJam2020/Content/Mannequin/Animations/ThirdPerson_AnimBP.uasset" 78
"../../../Engine/Content/Functions/Engine_MaterialFunctions02/Utility/BlendAngleCorrectedNormals.uasset" 79
"../../../Engine/Content/Functions/MaterialLayerFunctions/MatLayerBlend_NormalBlend.uasset" 80
"../../../Engine/Content/Functions/MaterialLayerFunctions/MatLayerBlend_Simple.uasset" 81
"D:/UE4 Projects/GMTKGameJam2020/Content/Mannequin/Character/Materials/MaterialLayers/T_ML_Rubber_Blue_01_D.uasset" 82
"D:/UE4 Projects/GMTKGameJam2020/Content/Mannequin/Character/Materials/MaterialLayers/T_ML_Rubber_Blue_01_N.uasset" 83
"D:/UE4 Projects/GMTKGameJam2020/Content/Mannequin/Character/Materials/MaterialLayers/ML_GlossyBlack_Latex_UE4.uasset" 84
"D:/UE4 Projects/GMTKGameJam2020/Content/Mannequin/Character/Materials/MaterialLayers/ML_Plastic_Shiny_Beige.uasset" 85
"D:/UE4 Projects/GMTKGameJam2020/Content/Mannequin/Character/Textures/UE4_LOGO_CARD.uasset" 86
"D:/UE4 Projects/GMTKGameJam2020/Content/Mannequin/Character/Materials/MaterialLayers/ML_Plastic_Shiny_Beige_LOGO.uasset" 87
"D:/UE4 Projects/GMTKGameJam2020/Content/Mannequin/Character/Materials/MaterialLayers/T_ML_Aluminum01.uasset" 88
"D:/UE4 Projects/GMTKGameJam2020/Content/Mannequin/Character/Materials/MaterialLayers/T_ML_Aluminum01_N.uasset" 89
"D:/UE4 Projects/GMTKGameJam2020/Content/Mannequin/Character/Materials/MaterialLayers/ML_SoftMetal_UE4.uasset" 90
"D:/UE4 Projects/GMTKGameJam2020/Content/Mannequin/Character/Textures/UE4_Mannequin__normals.uasset" 91
"D:/UE4 Projects/GMTKGameJam2020/Content/Mannequin/Character/Textures/UE4_Mannequin_MAT_MASKA.uasset" 92
"D:/UE4 Projects/GMTKGameJam2020/Content/Mannequin/Character/Materials/M_UE4Man_Body.uasset" 93
"D:/UE4 Projects/GMTKGameJam2020/Content/Mannequin/Character/Textures/UE4Man_Logo_N.uasset" 94
"D:/UE4 Projects/GMTKGameJam2020/Content/Mannequin/Character/Materials/M_UE4Man_ChestLogo.uasset" 95
"D:/UE4 Projects/GMTKGameJam2020/Content/Mannequin/Character/Mesh/SK_Mannequin_PhysicsAsset.uasset" 96
"D:/UE4 Projects/GMTKGameJam2020/Content/Mannequin/Character/Mesh/SK_Mannequin.uasset" 97
"D:/UE4 Projects/GMTKGameJam2020/Content/ThirdPersonBP/Blueprints/ThirdPersonCharacter.uasset" 98
"D:/UE4 Projects/GMTKGameJam2020/Content/ThirdPersonBP/Blueprints/ThirdPersonGameMode.uasset" 99
"../../../Engine/Content/Animation/DefaultAnimBoneCompressionSettings.uasset" 100
"../../../Engine/Content/Animation/DefaultAnimCurveCompressionSettings.uasset" 101
"../../../Engine/Content/Functions/Engine_MaterialFunctions01/Opacity/CameraDepthFade.uasset" 102
"../../../Engine/Content/EngineMaterials/T_Default_Material_Grid_M.uasset" 103
"../../../Engine/Content/EngineMaterials/T_Default_Material_Grid_N.uasset" 104
"../../../Engine/Content/EngineMaterials/WorldGridMaterial.uasset" 105
"../../../Engine/Content/ArtTools/RenderToTexture/Meshes/S_1_Unit_Plane.uasset" 106
"../../../Engine/Content/EngineMaterials/DefaultMaterial.uasset" 107
"../../../Engine/Content/BasicShapes/Cone.uasset" 108
"../../../Engine/Content/BasicShapes/Cube.uasset" 109
"../../../Engine/Content/BasicShapes/Cylinder.uasset" 110
"../../../Engine/Content/BasicShapes/Plane.uasset" 111
"../../../Engine/Content/BasicShapes/Sphere.uasset" 112
"../../../Engine/Content/EditorLandscapeResources/DataLayer.uasset" 113
"../../../Engine/Content/EditorMaterials/MAT_Groups_Toggle.uasset" 114
"../../../Engine/Content/EditorMaterials/MAT_Groups_Visibility.uasset" 115
"../../../Engine/Content/EditorMaterials/PreviewShadowIndicator.uasset" 116
"../../../Engine/Content/EditorMaterials/PreviewShadowIndicatorMaterial.uasset" 117
"../../../Engine/Content/EditorMaterials/MatineeGroups/MAT_ColorTrack.uasset" 118
"../../../Engine/Content/EditorMaterials/MatineeGroups/MAT_Groups_Anim.uasset" 119
"../../../Engine/Content/EditorMaterials/MatineeGroups/MAT_Groups_AudioMaster.uasset" 120
"../../../Engine/Content/EditorMaterials/MatineeGroups/MAT_Groups_Director.uasset" 121
"../../../Engine/Content/EditorMaterials/MatineeGroups/MAT_Groups_Event.uasset" 122
"../../../Engine/Content/EditorMaterials/MatineeGroups/MAT_Groups_Fade.uasset" 123
"../../../Engine/Content/EditorMaterials/MatineeGroups/MAT_Groups_Float.uasset" 124
"../../../Engine/Content/EditorMaterials/MatineeGroups/MAT_Groups_Move.uasset" 125
"../../../Engine/Content/EditorMaterials/MatineeGroups/MAT_Groups_Slomo.uasset" 126
"../../../Engine/Content/EditorMaterials/MatineeGroups/MAT_Groups_Sound.uasset" 127
"../../../Engine/Content/EditorMaterials/MatineeGroups/MAT_Groups_Vector.uasset" 128
"../../../Engine/Content/EditorMaterials/ParticleSystems/PSysThumbnail_NoImage.uasset" 129
"../../../Engine/Content/EditorMaterials/ParticleSystems/PSysThumbnail_OOD.uasset" 130
"../../../Engine/Content/EditorMaterials/Camera/CineMat.uasset" 131
"../../../Engine/Content/EditorMaterials/Camera/MI_CineMat_Rig.uasset" 132
"../../../Engine/Content/EditorMeshes/Camera/SM_CraneRig_Arm.uasset" 133
"../../../Engine/Content/EditorMeshes/Camera/SM_CraneRig_Base.uasset" 134
"../../../Engine/Content/EditorMeshes/Camera/SM_CraneRig_Body.uasset" 135
"../../../Engine/Content/EditorMeshes/Camera/SM_CraneRig_Mount.uasset" 136
"../../../Engine/Content/EditorMeshes/Camera/SM_RailRig_Mount.uasset" 137
"../../../Engine/Content/EditorMeshes/Camera/SM_RailRig_Track.uasset" 138
"../../../Engine/Content/EditorResources/BSPVertex.uasset" 139
"../../../Engine/Content/EditorResources/EmptyActor.uasset" 140
"../../../Engine/Content/EditorResources/S_Actor.uasset" 141
"../../../Engine/Content/EditorResources/S_Note.uasset" 142
"../../../Engine/Content/EditorResources/S_Solver.uasset" 143
"../../../Engine/Content/EditorResources/S_Trigger.uasset" 144
"../../../Engine/Content/EditorResources/LightIcons/S_LightError.uasset" 145
"../../../Engine/Content/EditorResources/SequenceRecorder/Countdown.uasset" 146
"../../../Engine/Content/EditorResources/SequenceRecorder/RecordingIndicator.uasset" 147
"../../../Engine/Content/EditorSounds/Notifications/CompileFailed.uasset" 148
"../../../Engine/Content/EditorSounds/Notifications/CompileFailed_Cue.uasset" 149
"../../../Engine/Content/EditorSounds/Notifications/CompileSuccess.uasset" 150
"../../../Engine/Content/EditorSounds/Notifications/CompileStart_Cue.uasset" 151
"../../../Engine/Content/EditorSounds/Notifications/CompileSuccess_Cue.uasset" 152
"../../../Engine/Content/EngineDamageTypes/DmgTypeBP_Environmental.uasset" 153
"../../../Engine/Content/EngineDebugMaterials/DebugEditorMaterial.uasset" 154
"../../../Engine/Content/EngineDebugMaterials/DebugMeshMaterial.uasset" 155
"../../../Engine/Content/EngineDebugMaterials/M_SimpleUnlitTranslucent.uasset" 156
"../../../Engine/Content/Functions/Engine_MaterialFunctions02/Utility/CameraDirectionVector.uasset" 157
"../../../Engine/Content/EngineDebugMaterials/VolumeToRender.uasset" 158
"../../../Engine/Content/EngineDebugMaterials/M_VolumeRenderSphereTracePP.uasset" 159
"../../../Engine/Content/EngineDebugMaterials/WireframeMaterial.uasset" 160
"../../../Engine/Content/EngineFonts/Faces/RobotoBold.uasset" 161
"../../../Engine/Content/EngineFonts/Faces/RobotoBoldItalic.uasset" 162
"../../../Engine/Content/EngineFonts/Faces/RobotoItalic.uasset" 163
"../../../Engine/Content/EngineFonts/Faces/RobotoLight.uasset" 164
"../../../Engine/Content/EngineFonts/Faces/RobotoRegular.uasset" 165
"../../../Engine/Content/EngineFonts/Roboto.uasset" 166
"../../../Engine/Content/EngineMaterials/BaseFlattenDiffuseMap.uasset" 167
"../../../Engine/Content/EngineMaterials/BaseFlattenEmissiveMap.uasset" 168
"../../../Engine/Content/EngineMaterials/BaseFlattenGrayscaleMap.uasset" 169
"../../../Engine/Content/EngineMaterials/BaseFlattenNormalMap.uasset" 170
"../../../Engine/Content/EngineMaterials/BaseFlattenMaterial.uasset" 171
"../../../Engine/Content/EngineMaterials/BlueNoise.uasset" 172
"../../../Engine/Content/EngineMaterials/DefaultBloomKernel.uasset" 173
"../../../Engine/Content/EngineMaterials/DefaultBokeh.uasset" 174
"../../../Engine/Content/EngineMaterials/DefaultDiffuse.uasset" 175
"../../../Engine/Content/EngineMaterials/DefaultDeferredDecalMaterial.uasset" 176
"../../../Engine/Content/EngineMaterials/DefaultLightFunctionMaterial.uasset" 177
"../../../Engine/Content/EngineMaterials/DefaultPhysicalMaterial.uasset" 178
"../../../Engine/Content/Functions/Engine_MaterialFunctions02/Utility/BreakOutFloat2Components.uasset" 179
"../../../Engine/Content/EngineMaterials/DefaultPostProcessMaterial.uasset" 180
"../../../Engine/Content/EngineFonts/RobotoDistanceField.uasset" 181
"../../../Engine/Content/EngineMaterials/DefaultTextMaterialOpaque.uasset" 182
"../../../Engine/Content/EngineMaterials/DefaultWhiteGrid.uasset" 183
"../../../Engine/Content/EngineMaterials/DefaultWhiteGrid_Low.uasset" 184
"../../../Engine/Content/EngineMaterials/EmissiveMeshMaterial.uasset" 185
"../../../Engine/Content/EngineMaterials/GizmoMaterial.uasset" 186
"../../../Engine/Content/EngineMaterials/Good64x64TilingNoiseHighFreq.uasset" 187
"../../../Engine/Content/EngineMaterials/MiniFont.uasset" 188
"../../../Engine/Content/EngineMaterials/InvalidLightmapSettings.uasset" 189
"../../../Engine/Content/EngineMaterials/M_InvalidLightmapSettings.uasset" 190
"../../../Engine/Content/Functions/Engine_MaterialFunctions02/WorldPositionOffset/CameraOffset.uasset" 191
"../../../Engine/Content/EngineMaterials/PhAT_JointLimitMaterial.uasset" 192
"../../../Engine/Content/EngineMaterials/PreintegratedSkinBRDF.uasset" 193
"../../../Engine/Content/EngineMaterials/RemoveSurfaceMaterial.uasset" 194
"../../../Engine/Content/EngineMaterials/WeightMapPlaceholderTexture.uasset" 195
"../../../Engine/Content/EngineResources/WhiteSquareTexture.uasset" 196
"../../../Engine/Content/EngineMaterials/Widget3DPassThrough.uasset" 197
"../../../Engine/Content/EngineMaterials/Widget3DPassThrough_Masked.uasset" 198
"../../../Engine/Content/EngineMaterials/Widget3DPassThrough_Opaque.uasset" 199
"../../../Engine/Content/EngineMaterials/Widget3DPassThrough_Masked_OneSided.uasset" 200
"../../../Engine/Content/EngineMaterials/Widget3DPassThrough_Opaque_OneSided.uasset" 201
"../../../Engine/Content/EngineMaterials/Widget3DPassThrough_Translucent.uasset" 202
"../../../Engine/Content/EngineMaterials/Widget3DPassThrough_Translucent_OneSided.uasset" 203
"../../../Engine/Content/EngineMeshes/Cylinder.uasset" 204
"../../../Engine/Content/EngineMeshes/Sphere.uasset" 205
"../../../Engine/Content/EngineResources/DefaultTexture.uasset" 206
"../../../Engine/Content/EngineResources/DefaultTextureCube.uasset" 207
"../../../Engine/Content/EngineResources/DefaultVolumeTexture2D.uasset" 208
"../../../Engine/Content/EngineResources/DefaultVolumeTexture.uasset" 209
"../../../Engine/Content/EngineResources/GradientTexture0.uasset" 210
"../../../Engine/Content/EngineSounds/Master.uasset" 211
"../../../Engine/Content/Functions/Engine_MaterialFunctions01/Shading/ConvertFromDiffSpec.uasset" 212
"../../../Engine/Content/Functions/Engine_MaterialFunctions01/Shading/PowerToRoughness.uasset" 213
"../../../Engine/Content/Maps/Templates/Thumbnails/Default.uasset" 214
"../../../Engine/Content/Maps/Templates/Thumbnails/TimeOfDay.uasset" 215
"../../../Engine/Content/Maps/Templates/Thumbnails/VR-Basic.uasset" 216
"../../../Engine/Content/MobileResources/T_MobileControls_texture.uasset" 217
"../../../Engine/Content/MobileResources/T_MobileMenu2.uasset" 218
"../../../Engine/Content/MobileResources/HUD/AnalogHat.uasset" 219
"../../../Engine/Content/MobileResources/HUD/VirtualJoystick_Background.uasset" 220
"../../../Engine/Content/MobileResources/HUD/VirtualJoystick_Thumb.uasset" 221
"../../../Engine/Content/MobileResources/HUD/DefaultVirtualJoysticks.uasset" 222
"../../../Engine/Content/MobileResources/HUD/LeftVirtualJoystickOnly.uasset" 223
"../../../Engine/Content/MobileResources/HUD/MobileHUDButton1_off.uasset" 224
"../../../Engine/Content/MobileResources/HUD/MobileHUDButton1_on.uasset" 225
"../../../Engine/Content/MobileResources/HUD/MobileHUDButton2_off.uasset" 226
"../../../Engine/Content/MobileResources/HUD/MobileHUDButton2_on.uasset" 227
"../../../Engine/Content/MobileResources/HUD/MobileHUDButton3.uasset" 228
"../../../Engine/Content/MobileResources/HUD/MobileHUDButtonFire.uasset" 229
"../../../Engine/Content/MobileResources/HUD/MobileHUDDirectionPad.uasset" 230
"../../../Engine/Content/MobileResources/HUD/MobileHUDDirectionPad2.uasset" 231
"../../../Engine/Content/MobileResources/HUD/MobileHUDDirectionPad3.uasset" 232
"../../../Engine/Content/MobileResources/HUD/MobileHUDDirectionStick.uasset" 233
"../../../Engine/Content/MobileResources/HUD/T_Castle_ThumbstickInner.uasset" 234
"../../../Engine/Content/MobileResources/HUD/T_Castle_ThumbstickOutter.uasset" 235
"../../../Engine/Content/Tutorial/ContentIntroCurve.uasset" 236
"../../../Engine/Content/Tutorial/Basics/LevelEditorAttract.uasset" 237
"../../../Engine/Content/VREditor/LaserPointer/VR_LaserPower_01.uasset" 238
"../../../Engine/Content/VREditor/TransformGizmo/TransformGizmoMaterial.uasset" 239
"../../../Engine/Content/VREditor/TransformGizmo/TranslucentTransformGizmoMaterial.uasset" 240
"../../../Engine/Content/VREditor/TransformGizmo/BoundingBoxCorner.uasset" 241
"../../../Engine/Content/VREditor/TransformGizmo/BoundingBoxEdge.uasset" 242
"../../../Engine/Content/VREditor/TransformGizmo/PlaneTranslationHandle.uasset" 243
"../../../Engine/Content/VREditor/TransformGizmo/Main.uasset" 244
"../../../Engine/Content/VREditor/TransformGizmo/Xray.uasset" 245
"../../../Engine/Content/VREditor/TransformGizmo/SM_Sequencer_Key.uasset" 246
"../../../Engine/Content/VREditor/TransformGizmo/SM_Sequencer_Node.uasset" 247
"../../Plugins/2D/Paper2D/Content/PlaceholderTextures/DummySpriteTexture.uasset" 248
"../../Plugins/2D/Paper2D/Content/DummySprite.uasset" 249
"../../Plugins/2D/Paper2D/Content/DefaultPaperTerrainMaterial.uasset" 250
"../../Plugins/2D/Paper2D/Content/DefaultSpriteMaterial.uasset" 251
"../../Plugins/2D/Paper2D/Content/MaskedUnlitSpriteMaterial.uasset" 252
"../../Plugins/2D/Paper2D/Content/OpaqueUnlitSpriteMaterial.uasset" 253
"../../Plugins/FX/Niagara/Content/Enums/ENiagaraBooleanLogicOps.uasset" 254
"../../Plugins/FX/Niagara/Content/Enums/ENiagaraCoordinateSpace.uasset" 255
"../../Plugins/FX/Niagara/Content/Enums/ENiagaraExpansionMode.uasset" 256
"../../Plugins/FX/Niagara/Content/Enums/ENiagaraOrientationAxis.uasset" 257
"../../Plugins/FX/Niagara/Content/Enums/ENiagaraRandomnessMode.uasset" 258
"../../../Engine/Content/Functions/Engine_MaterialFunctions02/Utility/BreakOutFloat4Components.uasset" 259
"../../../Engine/Content/Functions/Engine_MaterialFunctions02/Utility/MakeFloat2.uasset" 260
"../../../Engine/Content/Functions/Engine_MaterialFunctions02/Utility/MakeFloat3.uasset" 261
"../../Plugins/Runtime/Oculus/OculusVR/Content/Materials/OculusMR_ChromaKey.uasset" 262
"../../Plugins/Runtime/Oculus/OculusVR/Content/Materials/OculusMR_ChromaKey_Lit.uasset" 263
"../../Plugins/Runtime/Oculus/OculusVR/Content/Materials/OculusMR_OpaqueColoredMaterial.uasset" 264
"../../Plugins/Runtime/Oculus/OculusVR/Content/Materials/OculusMR_WhiteMaterial.uasset" 265
"../../../Engine/Content/EngineSky/C_Sky_Cloud_Color.uasset" 266
"../../../Engine/Content/EngineSky/C_Sky_Horizon_Color.uasset" 267
"../../../Engine/Content/EngineSky/C_Sky_Zenith_Color.uasset" 268
"../../../Engine/Content/EngineSky/T_Sky_Blue.uasset" 269
"../../../Engine/Content/EngineSky/T_Sky_Clouds_M.uasset" 270
"../../../Engine/Content/EngineSky/T_Sky_Stars.uasset" 271
"../../../Engine/Content/EngineSky/M_Sky_Panning_Clouds2.uasset" 272
"../../../Engine/Content/EngineSky/SM_SkySphere.uasset" 273
"../../../Engine/Content/EngineSky/BP_Sky_Sphere.uasset" 274
"../../../Engine/Content/MapTemplates/SM_Template_Map_Floor.uasset" 275
"D:/UE4 Projects/GMTKGameJam2020/Content/Platformer/Textures/BeanStalks_Textures/Pl_Leaf_01_d.uasset" 276
"D:/UE4 Projects/GMTKGameJam2020/Content/Platformer/Textures/BeanStalks_Textures/Pl_Leaf_01_n.uasset" 277
"D:/UE4 Projects/GMTKGameJam2020/Content/Platformer/Textures/BeanStalks_Textures/Pl_Leaf_01_r.uasset" 278
"D:/UE4 Projects/GMTKGameJam2020/Content/Platformer/Materials/BeanStalks_Materials/M_Leaf.uasset" 279
"D:/UE4 Projects/GMTKGameJam2020/Content/Platformer/Meshes/Beanstalks/Pl_Leaf_01.uasset" 280
"D:/UE4 Projects/GMTKGameJam2020/Content/Platformer/Meshes/Beanstalks/Pl_Leaf_02.uasset" 281
"D:/UE4 Projects/GMTKGameJam2020/Content/Platformer/Meshes/Beanstalks/Pl_Leaf_03.uasset" 282
"D:/UE4 Projects/GMTKGameJam2020/Content/Platformer/Meshes/Beanstalks/Pl_Leaf_04.uasset" 283
"D:/UE4 Projects/GMTKGameJam2020/Content/Platformer/Meshes/Beanstalks/Pl_Leaf_05.uasset" 284
"D:/UE4 Projects/GMTKGameJam2020/Content/Platformer/Textures/BeanStalks_Textures/Pl_BeanStalk_d.uasset" 285
"D:/UE4 Projects/GMTKGameJam2020/Content/Platformer/Textures/BeanStalks_Textures/Pl_BeanStalk_n.uasset" 286
"D:/UE4 Projects/GMTKGameJam2020/Content/Platformer/Textures/BeanStalks_Textures/Pl_BeanStalk_r.uasset" 287
"D:/UE4 Projects/GMTKGameJam2020/Content/Platformer/Materials/BeanStalks_Materials/M_BeanStalk.uasset" 288
"D:/UE4 Projects/GMTKGameJam2020/Content/Platformer/Meshes/Beanstalks/Pl_stalk_01.uasset" 289
"D:/UE4 Projects/GMTKGameJam2020/Content/Platformer/Meshes/BeanStalks/Pl_stalkbase_01.uasset" 290
"D:/UE4 Projects/GMTKGameJam2020/Content/Platformer/Meshes/BeanStalks/Pl_stalkbend_01.uasset" 291
"D:/UE4 Projects/GMTKGameJam2020/Content/Platformer/Meshes/BeanStalks/Pl_stalkcurve_01.uasset" 292
"D:/UE4 Projects/GMTKGameJam2020/Content/Platformer/Meshes/Beanstalks/Pl_stalkcurve_02.uasset" 293
"D:/UE4 Projects/GMTKGameJam2020/Content/Platformer/Meshes/Beanstalks/Pl_stalkend_01.uasset" 294
"D:/UE4 Projects/GMTKGameJam2020/Content/Platformer/Meshes/Beanstalks/Pl_stalkend_02.uasset" 295
"D:/UE4 Projects/GMTKGameJam2020/Content/Platformer/Meshes/BeanStalks/Pl_stalkend_03.uasset" 296
"D:/UE4 Projects/GMTKGameJam2020/Content/Platformer/Textures/BeanStalks_Textures/Pl_StoneBlock_d.uasset" 297
"D:/UE4 Projects/GMTKGameJam2020/Content/Platformer/Textures/BeanStalks_Textures/Pl_StoneBlock_n.uasset" 298
"D:/UE4 Projects/GMTKGameJam2020/Content/Platformer/Textures/BeanStalks_Textures/Pl_StoneBlock_r.uasset" 299
"D:/UE4 Projects/GMTKGameJam2020/Content/Platformer/Materials/BeanStalks_Materials/M_StoneBlock.uasset" 300
"D:/UE4 Projects/GMTKGameJam2020/Content/Platformer/Meshes/Beanstalks/Pl_StoneBlock_01.uasset" 301
"D:/UE4 Projects/GMTKGameJam2020/Content/Platformer/Meshes/Beanstalks/Pl_StoneBlock_02.uasset" 302
"D:/UE4 Projects/GMTKGameJam2020/Content/Platformer/Meshes/Beanstalks/Pl_StoneBlock_03.uasset" 303
"D:/UE4 Projects/GMTKGameJam2020/Content/Platformer/Meshes/Beanstalks/Pl_StoneBlock_04.uasset" 304
"D:/UE4 Projects/GMTKGameJam2020/Content/Platformer/Meshes/Beanstalks/Pl_StoneBlock_05.uasset" 305
"D:/UE4 Projects/GMTKGameJam2020/Content/Platformer/Meshes/Beanstalks/Pl_vine_01.uasset" 306
"D:/UE4 Projects/GMTKGameJam2020/Content/Platformer/Meshes/Beanstalks/Pl_vine_02.uasset" 307
"D:/UE4 Projects/GMTKGameJam2020/Content/Platformer/Meshes/Beanstalks/Pl_vine_03.uasset" 308
"D:/UE4 Projects/GMTKGameJam2020/Content/Platformer/Meshes/Beanstalks/Pl_vine_04.uasset" 309
"D:/UE4 Projects/GMTKGameJam2020/Content/Platformer/Meshes/Beanstalks/Pl_vine_05.uasset" 310
"D:/UE4 Projects/GMTKGameJam2020/Content/Platformer/Textures/Pl_Grass_trim_d.uasset" 311
"D:/UE4 Projects/GMTKGameJam2020/Content/Platformer/Textures/Pl_Grass_trim_n.uasset" 312
"D:/UE4 Projects/GMTKGameJam2020/Content/Platformer/Textures/Pl_Grass_trim_r.uasset" 313
"D:/UE4 Projects/GMTKGameJam2020/Content/Platformer/Materials/M_GrassTrim.uasset" 314
"D:/UE4 Projects/GMTKGameJam2020/Content/Platformer/Meshes/Pl_16m_gtrim_01.uasset" 315
"D:/UE4 Projects/GMTKGameJam2020/Content/Platformer/Textures/Pl_Grass_d.uasset" 316
"D:/UE4 Projects/GMTKGameJam2020/Content/Platformer/Textures/Pl_Grass_n.uasset" 317
"D:/UE4 Projects/GMTKGameJam2020/Content/Platformer/Textures/Pl_Grass_r.uasset" 318
"D:/UE4 Projects/GMTKGameJam2020/Content/Platformer/Textures/Pl_Patterns_m.uasset" 319
"D:/UE4 Projects/GMTKGameJam2020/Content/Platformer/Materials/M_Grass.uasset" 320
"D:/UE4 Projects/GMTKGameJam2020/Content/Platformer/Meshes/Pl_16m_Platform.uasset" 321
"D:/UE4 Projects/GMTKGameJam2020/Content/Platformer/Meshes/Pl_16m_Platform_ext.uasset" 322
"D:/UE4 Projects/GMTKGameJam2020/Content/Platformer/Materials/M_Grass_nopattern.uasset" 323
"D:/UE4 Projects/GMTKGameJam2020/Content/Platformer/Meshes/Pl_1m_grassblock.uasset" 324
"D:/UE4 Projects/GMTKGameJam2020/Content/Platformer/Meshes/Pl_2m_grassblock.uasset" 325
"D:/UE4 Projects/GMTKGameJam2020/Content/Platformer/Meshes/Pl_4m_gtrim_01.uasset" 326
"D:/UE4 Projects/GMTKGameJam2020/Content/Platformer/Meshes/Pl_4m_Platform.uasset" 327
"D:/UE4 Projects/GMTKGameJam2020/Content/Platformer/Meshes/Pl_4m_Platform_ext.uasset" 328
"D:/UE4 Projects/GMTKGameJam2020/Content/Platformer/Meshes/Pl_8m_gtrim_01.uasset" 329
"D:/UE4 Projects/GMTKGameJam2020/Content/Platformer/Meshes/Pl_8m_Gtrim_Hrnd_01.uasset" 330
"D:/UE4 Projects/GMTKGameJam2020/Content/Platformer/Meshes/Pl_8m_gtrim_rnd_01.uasset" 331
"D:/UE4 Projects/GMTKGameJam2020/Content/Platformer/Meshes/Pl_8m_Hill.uasset" 332
"D:/UE4 Projects/GMTKGameJam2020/Content/Platformer/Meshes/Pl_8m_Platform.uasset" 333
"D:/UE4 Projects/GMTKGameJam2020/Content/Platformer/Meshes/Pl_8m_Platform_crn.uasset" 334
"D:/UE4 Projects/GMTKGameJam2020/Content/Platformer/Meshes/Pl_8m_Platform_crn_ext.uasset" 335
"D:/UE4 Projects/GMTKGameJam2020/Content/Platformer/Meshes/Pl_8m_Platform_ext.uasset" 336
"D:/UE4 Projects/GMTKGameJam2020/Content/Platformer/Meshes/Pl_8m_Platform_Hrnd.uasset" 337
"D:/UE4 Projects/GMTKGameJam2020/Content/Platformer/Meshes/Pl_8m_Platform_Hrnd_ext.uasset" 338
"D:/UE4 Projects/GMTKGameJam2020/Content/Platformer/Meshes/Pl_8m_Platform_L.uasset" 339
"D:/UE4 Projects/GMTKGameJam2020/Content/Platformer/Meshes/Pl_8m_Platform_L_ext.uasset" 340
"D:/UE4 Projects/GMTKGameJam2020/Content/Platformer/Meshes/Pl_8m_Platform_rnd.uasset" 341
"D:/UE4 Projects/GMTKGameJam2020/Content/Platformer/Meshes/Pl_8m_Platform_rnd_ext.uasset" 342
"D:/UE4 Projects/GMTKGameJam2020/Content/Platformer/Meshes/Pl_button.uasset" 343
"D:/UE4 Projects/GMTKGameJam2020/Content/Platformer/Meshes/Pl_buttonBase.uasset" 344
"../../../Engine/Content/Functions/Engine_MaterialFunctions01/WorldPositionOffset/SimpleGrassWind.uasset" 345
"D:/UE4 Projects/GMTKGameJam2020/Content/Platformer/Materials/M_Cloud.uasset" 346
"D:/UE4 Projects/GMTKGameJam2020/Content/Platformer/Meshes/Pl_CloudPlat_4m.uasset" 347
"D:/UE4 Projects/GMTKGameJam2020/Content/Platformer/Meshes/Pl_CloudPlat_4x8m.uasset" 348
"D:/UE4 Projects/GMTKGameJam2020/Content/Platformer/Meshes/Pl_CloudPlat_8m.uasset" 349
"D:/UE4 Projects/GMTKGameJam2020/Content/Platformer/Meshes/Pl_Crate_01.uasset" 350
"D:/UE4 Projects/GMTKGameJam2020/Content/Platformer/Meshes/Pl_Crate_02.uasset" 351
"D:/UE4 Projects/GMTKGameJam2020/Content/Platformer/Meshes/Pl_Crate_Shards_01.uasset" 352
"D:/UE4 Projects/GMTKGameJam2020/Content/Platformer/Meshes/Pl_Crate_Shards_02.uasset" 353
"D:/UE4 Projects/GMTKGameJam2020/Content/Platformer/Meshes/Pl_Crate_Shards_03.uasset" 354
"D:/UE4 Projects/GMTKGameJam2020/Content/Platformer/Textures/pl_wood_d.uasset" 355
"D:/UE4 Projects/GMTKGameJam2020/Content/Platformer/Textures/pl_wood_n.uasset" 356
"D:/UE4 Projects/GMTKGameJam2020/Content/Platformer/Textures/pl_wood_r.uasset" 357
"D:/UE4 Projects/GMTKGameJam2020/Content/Platformer/Materials/M_Wood_Dark_Parent.uasset" 358
"D:/UE4 Projects/GMTKGameJam2020/Content/Platformer/Materials/M_Wood_Light_Instance.uasset" 359
"D:/UE4 Projects/GMTKGameJam2020/Content/Platformer/Materials/M_Wood_White_Instance.uasset" 360
"D:/UE4 Projects/GMTKGameJam2020/Content/Platformer/Meshes/Pl_Fence_2m_01.uasset" 361
"D:/UE4 Projects/GMTKGameJam2020/Content/Platformer/Meshes/Pl_Fence_2m_02.uasset" 362
"D:/UE4 Projects/GMTKGameJam2020/Content/Platformer/Meshes/Pl_Fence_8m_01.uasset" 363
"D:/UE4 Projects/GMTKGameJam2020/Content/Platformer/Meshes/Pl_Fence_8m_02.uasset" 364
"D:/UE4 Projects/GMTKGameJam2020/Content/Platformer/Meshes/Pl_FencePost.uasset" 365
"D:/UE4 Projects/GMTKGameJam2020/Content/Platformer/Textures/Pl_Plants_d.uasset" 366
"D:/UE4 Projects/GMTKGameJam2020/Content/Platformer/Textures/Pl_Plants_n.uasset" 367
"D:/UE4 Projects/GMTKGameJam2020/Content/Platformer/Textures/Pl_Plants_r.uasset" 368
"D:/UE4 Projects/GMTKGameJam2020/Content/Platformer/Materials/M_Plants.uasset" 369
"D:/UE4 Projects/GMTKGameJam2020/Content/Platformer/Meshes/Pl_Fern_01.uasset" 370
"D:/UE4 Projects/GMTKGameJam2020/Content/Platformer/Meshes/Pl_fern_02.uasset" 371
"D:/UE4 Projects/GMTKGameJam2020/Content/Platformer/Meshes/Pl_flower_01.uasset" 372
"D:/UE4 Projects/GMTKGameJam2020/Content/Platformer/Meshes/Pl_flower_02.uasset" 373
"D:/UE4 Projects/GMTKGameJam2020/Content/Platformer/Meshes/Pl_flower_03.uasset" 374
"D:/UE4 Projects/GMTKGameJam2020/Content/Platformer/Meshes/Pl_flower_04.uasset" 375
"D:/UE4 Projects/GMTKGameJam2020/Content/Platformer/Meshes/Pl_flower_05.uasset" 376
"D:/UE4 Projects/GMTKGameJam2020/Content/Platformer/Meshes/Pl_flower_06.uasset" 377
"D:/UE4 Projects/GMTKGameJam2020/Content/Platformer/Meshes/Pl_GrassWall_4m.uasset" 378
"D:/UE4 Projects/GMTKGameJam2020/Content/Platformer/Meshes/Pl_GrassWall_8m.uasset" 379
"D:/UE4 Projects/GMTKGameJam2020/Content/Platformer/Meshes/Pl_gtrim_01.uasset" 380
"D:/UE4 Projects/GMTKGameJam2020/Content/Platformer/Meshes/Pl_gtrim_02.uasset" 381
"D:/UE4 Projects/GMTKGameJam2020/Content/Platformer/Meshes/Pl_gtrim_03.uasset" 382
"D:/UE4 Projects/GMTKGameJam2020/Content/Platformer/Meshes/Pl_gtrim_04.uasset" 383
"D:/UE4 Projects/GMTKGameJam2020/Content/Platformer/Materials/M_Plastic_Blue_Pattern_Parent.uasset" 384
"D:/UE4 Projects/GMTKGameJam2020/Content/Platformer/Meshes/Pl_MetalBox_2m.uasset" 385
"D:/UE4 Projects/GMTKGameJam2020/Content/Platformer/Materials/M_Plastic_Orange_Inst.uasset" 386
"D:/UE4 Projects/GMTKGameJam2020/Content/Platformer/Meshes/Pl_MetalBox_2m_short.uasset" 387
"D:/UE4 Projects/GMTKGameJam2020/Content/Platformer/Materials/M_Plastic_Yellow_Pattern_Inst.uasset" 388
"D:/UE4 Projects/GMTKGameJam2020/Content/Platformer/Meshes/Pl_MetalBox_4x2m.uasset" 389
"D:/UE4 Projects/GMTKGameJam2020/Content/Platformer/Meshes/Pl_MetalBox_4x2m_short.uasset" 390
"D:/UE4 Projects/GMTKGameJam2020/Content/Platformer/Materials/M_Plastic_Orange_Pattern_Inst.uasset" 391
"D:/UE4 Projects/GMTKGameJam2020/Content/Platformer/Meshes/Pl_MetalBox_4x4m.uasset" 392
"D:/UE4 Projects/GMTKGameJam2020/Content/Platformer/Meshes/Pl_MetalBox_8x4m.uasset" 393
"D:/UE4 Projects/GMTKGameJam2020/Content/Platformer/Meshes/Pl_plant_01.uasset" 394
"D:/UE4 Projects/GMTKGameJam2020/Content/Platformer/Meshes/Pl_plant_02.uasset" 395
"D:/UE4 Projects/GMTKGameJam2020/Content/Platformer/Meshes/Pl_plant_03.uasset" 396
"D:/UE4 Projects/GMTKGameJam2020/Content/Platformer/Meshes/Pl_Ramp_4m.uasset" 397
"D:/UE4 Projects/GMTKGameJam2020/Content/Platformer/Materials/M_Wood_Yellow_Instance.uasset" 398
"D:/UE4 Projects/GMTKGameJam2020/Content/Platformer/Meshes/Pl_ScaffoldBlock_01.uasset" 399
"D:/UE4 Projects/GMTKGameJam2020/Content/Platformer/Meshes/Pl_Scaffoldpost_01.uasset" 400
"D:/UE4 Projects/GMTKGameJam2020/Content/Platformer/Meshes/Pl_ScaffoldWall_01.uasset" 401
"D:/UE4 Projects/GMTKGameJam2020/Content/Platformer/Materials/M_Metal_Grey_Instance.uasset" 402
"D:/UE4 Projects/GMTKGameJam2020/Content/Platformer/Meshes/Pl_Screw_01.uasset" 403
"D:/UE4 Projects/GMTKGameJam2020/Content/Platformer/Materials/M_Plastic_Grey_Inst.uasset" 404
"D:/UE4 Projects/GMTKGameJam2020/Content/Platformer/Meshes/Pl_secretDoor_01.uasset" 405
"D:/UE4 Projects/GMTKGameJam2020/Content/Platformer/Meshes/Pl_Sign_01.uasset" 406
"D:/UE4 Projects/GMTKGameJam2020/Content/Platformer/Meshes/Pl_Signpost_01.uasset" 407
"D:/UE4 Projects/GMTKGameJam2020/Content/Platformer/Textures/pl_tree_d.uasset" 408
"D:/UE4 Projects/GMTKGameJam2020/Content/Platformer/Textures/pl_tree_n.uasset" 409
"D:/UE4 Projects/GMTKGameJam2020/Content/Platformer/Textures/pl_tree_r.uasset" 410
"D:/UE4 Projects/GMTKGameJam2020/Content/Platformer/Materials/M_Tree.uasset" 411
"D:/UE4 Projects/GMTKGameJam2020/Content/Platformer/Meshes/Pl_Tree_01.uasset" 412
"D:/UE4 Projects/GMTKGameJam2020/Content/Platformer/Meshes/Pl_Tree_02.uasset" 413
"D:/UE4 Projects/GMTKGameJam2020/Content/Platformer/Meshes/Pl_Tree_03.uasset" 414
"D:/UE4 Projects/GMTKGameJam2020/Content/Platformer/Meshes/Pl_Tree_04.uasset" 415
"D:/UE4 Projects/GMTKGameJam2020/Content/Platformer/Meshes/Pl_Woodcatwalk_4m_01.uasset" 416
"D:/UE4 Projects/GMTKGameJam2020/Content/Platformer/Meshes/Pl_Woodcatwalk_4m_02.uasset" 417
"D:/UE4 Projects/GMTKGameJam2020/Content/Platformer/Meshes/Pl_woodPlat_1m.uasset" 418
"D:/UE4 Projects/GMTKGameJam2020/Content/Platformer/Meshes/Pl_woodPlat_2m.uasset" 419
"D:/UE4 Projects/GMTKGameJam2020/Content/Platformer/Maps/OverView.umap" 420
"D:/UE4 Projects/GMTKGameJam2020/Content/ThirdPersonBP/Maps/ThirdPersonExampleMap_BuiltData.uasset" 421
"D:/UE4 Projects/GMTKGameJam2020/Content/Geometry/Meshes/CubeMaterial.uasset" 422
"D:/UE4 Projects/GMTKGameJam2020/Content/Geometry/Meshes/1M_Cube.uasset" 423
"D:/UE4 Projects/GMTKGameJam2020/Content/Geometry/Meshes/1M_Cube_Chamfer.uasset" 424
"D:/UE4 Projects/GMTKGameJam2020/Content/Geometry/Meshes/TemplateFloor.uasset" 425
"D:/UE4 Projects/GMTKGameJam2020/Content/ThirdPerson/Meshes/RampMaterial.uasset" 426
"D:/UE4 Projects/GMTKGameJam2020/Content/ThirdPerson/Meshes/Bump_StaticMesh.uasset" 427
"D:/UE4 Projects/GMTKGameJam2020/Content/ThirdPerson/Meshes/LeftArm_StaticMesh.uasset" 428
"D:/UE4 Projects/GMTKGameJam2020/Content/ThirdPerson/Meshes/Linear_Stair_StaticMesh.uasset" 429
"D:/UE4 Projects/GMTKGameJam2020/Content/ThirdPerson/Meshes/Ramp_StaticMesh.uasset" 430
"D:/UE4 Projects/GMTKGameJam2020/Content/ThirdPerson/Meshes/RightArm_StaticMesh.uasset" 431
"D:/UE4 Projects/GMTKGameJam2020/Content/ThirdPersonBP/Maps/ThirdPersonExampleMap.umap" 432
"../../../Engine/Content/EngineMeshes/Cube.uasset" 433
"D:/UE4 Projects/GMTKGameJam2020/Content/Blueprints/MovingPlatform1.uasset" 434
"D:/UE4 Projects/GMTKGameJam2020/Content/Blueprints/DamageVolume_BP.uasset" 435
"D:/UE4 Projects/GMTKGameJam2020/Content/UI/GameEnd.uasset" 436
"D:/UE4 Projects/GMTKGameJam2020/Content/Blueprints/EndLevelTrigger.uasset" 437
"D:/UE4 Projects/GMTKGameJam2020/Content/Blueprints/MyEnemy.uasset" 438
"../../../Engine/Content/VREditor/Sounds/UI/Teleport_Mode_Entered.uasset" 439
"../../../Engine/Content/EngineResources/Black.uasset" 440
"D:/UE4 Projects/GMTKGameJam2020/Content/InfinityBladeEffects/Effects/Masters/M_Add_Sprite_Master_DepthFade.uasset" 441
"D:/UE4 Projects/GMTKGameJam2020/Content/InfinityBladeEffects/Effects/FX_Textures/Gradient/T_SoftFallOff.uasset" 442
"D:/UE4 Projects/GMTKGameJam2020/Content/InfinityBladeEffects/Effects/FX_Materials/Gradient/M_Flare_03_INST.uasset" 443
"D:/UE4 Projects/GMTKGameJam2020/Content/InfinityBladeEffects/Effects/Masters/M_Add_Sprite_Master.uasset" 444
"D:/UE4 Projects/GMTKGameJam2020/Content/InfinityBladeEffects/Effects/FX_Textures/Gradient/T_GlowNoise_01.uasset" 445
"D:/UE4 Projects/GMTKGameJam2020/Content/InfinityBladeEffects/Effects/FX_Materials/M_Shockwave_03_Add_INST.uasset" 446
"D:/UE4 Projects/GMTKGameJam2020/Content/InfinityBladeEffects/Effects/Masters/M_Add_Sprite_2Sided_Master.uasset" 447
"D:/UE4 Projects/GMTKGameJam2020/Content/InfinityBladeEffects/Effects/FX_Textures/Gradient/T_SwipeTrail.uasset" 448
"D:/UE4 Projects/GMTKGameJam2020/Content/InfinityBladeEffects/Effects/FX_Materials/Trails/M_Swipe_Mesh_Add_2Sided_01_INST.uasset" 449
"D:/UE4 Projects/GMTKGameJam2020/Content/InfinityBladeEffects/Effects/FX_Meshes/Skills/SM_SpinSpiral.uasset" 450
"D:/UE4 Projects/GMTKGameJam2020/Content/InfinityBladeEffects/Effects/FX_Ability/Summon/P_Summon_Parent_Startup.uasset" 451
"D:/UE4 Projects/GMTKGameJam2020/Content/Blueprints/Spawner_BP.uasset" 452
"../../../Engine/Content/Functions/Engine_MaterialFunctions03/ComplexMotion/Motion_4WayChaos.uasset" 453
"../../../Engine/Content/Engine_MI_Shaders/T_Base_Tile_Normal.uasset" 454
"../../../Engine/Content/Functions/Engine_MaterialFunctions03/ComplexMotion/Motion_4WayChaos_Normal.uasset" 455
"../../../Engine/Content/MapTemplates/Sky/DaylightAmbientCubemap.uasset" 456
"D:/UE4 Projects/GMTKGameJam2020/Content/Platformer/Ocean/Textures/T_LargeWaves_H.uasset" 457
"D:/UE4 Projects/GMTKGameJam2020/Content/Platformer/Ocean/Textures/T_LargeWaves_N.uasset" 458
"D:/UE4 Projects/GMTKGameJam2020/Content/Platformer/Ocean/Textures/T_Seafoam_01.uasset" 459
"D:/UE4 Projects/GMTKGameJam2020/Content/Platformer/Ocean/Textures/T_SmallWaves_N.uasset" 460
"D:/UE4 Projects/GMTKGameJam2020/Content/Platformer/Ocean/Materials/M_OceanWater_1.uasset" 461
"../../../Engine/Content/MapTemplates/Sky/Desert_Outer_HDR.uasset" 462
"D:/UE4 Projects/GMTKGameJam2020/Content/Platformer/Ocean/Materials/M_OceanWater_1_Inst.uasset" 463
"D:/UE4 Projects/GMTKGameJam2020/Content/Platformer/Ocean/Meshes/SM_OceanWater.uasset" 464
"D:/UE4 Projects/GMTKGameJam2020/Content/Blueprints/Water.uasset" 465
"D:/UE4 Projects/GMTKGameJam2020/Content/_Level/Level1_BuiltData.uasset" 466
"D:/UE4 Projects/GMTKGameJam2020/Content/Platformer/Materials/M_Plastic_Green_Inst.uasset" 467
"D:/UE4 Projects/GMTKGameJam2020/Content/Platformer/Materials/M_Plastic_Green_Pattern_Inst.uasset" 468
"D:/UE4 Projects/GMTKGameJam2020/Content/_Level/Level1.umap" 469
"D:/UE4 Projects/GMTKGameJam2020/Content/MenuGameMode.uasset" 470
"D:/UE4 Projects/GMTKGameJam2020/Content/UI/MainMenu.uasset" 471
"D:/UE4 Projects/GMTKGameJam2020/Content/_Level/MainMenu.umap" 472
"D:/UE4 Projects/GMTKGameJam2020/Content/_Level/TestMap_BuiltData.uasset" 473
"D:/UE4 Projects/GMTKGameJam2020/Content/_Level/TestMap.umap" 474
"../../../Engine/Content/Maps/Entry_BuiltData.uasset" 475
"../../../Engine/Content/Maps/Entry.umap" 476
